(old.tex
jobcontrol      > resuming randomizer with 0.55346678316289

ConTeXt  ver: 2010.11.03 19:42 MKIV  fmt: 2010.11.4  int: english/english

system          : cont-new loaded
(/usr/local/ConTeXt/tex/texmf-context/tex/context/base/cont-new.tex
systems         : beware: some patches loaded from cont-new.tex
(/usr/local/ConTeXt/tex/texmf-context/tex/context/base/cont-new.mkiv))
system          : cont-fil.mkiv loaded
(/usr/local/ConTeXt/tex/texmf-context/tex/context/base/cont-fil.mkiv
loading         : ConTeXt File Synonyms
)
system          : cont-sys loaded
(/usr/local/ConTeXt/tex/texmf-context/tex/context/user/cont-sys.tex (/usr/local/ConTeXt/tex/texmf-context/tex/context/base/type-def.mkiv) (/usr/local/ConTeXt/tex/texmf-context/tex/context/base/type-lua.mkiv) (/usr/local/ConTeXt/tex/texmf-context/tex/context/base/type-siz.mkiv) (/usr/local/ConTeXt/tex/texmf-context/tex/context/base/type-otf.mkiv))
system          : old.top loaded
%
%	begin of optionfile
%
%	% runtime options files (command line driven)
%	\unprotect
%	% feedback and basic job control
%	% handy for special styles
%	\startluacode
%	document = document or { }
%	document.arguments={
%	}
%	document.files={
%	 "old.tex",
%	}
%	\stopluacode
%	% process info
%	\setupsystem[inputfile=old.tex]
%	\setupsystem[\c!n=1,\c!m=1]
%	% modes
%	% options (not that important)
%	\startsetups *runtime:options
%	\setupoutput[pdftex]
%	\stopsetups
%	% styles and modules
%	\startsetups *runtime:modules
%	\stopsetups
%	% done
%	\protect \endinput
%
%	end of optionfile
%
(old.top)
fonts           : preloading latin modern fonts
(/usr/local/ConTeXt/tex/texmf-context/tex/context/base/type-buy.mkiv){/usr/local/ConTeXt/tex/texmf/fonts/map/dvips/lm/lm-math.map}{/usr/local/ConTeXt/tex/texmf/fonts/map/dvips/lm/lm-rm.map}{/usr/local/ConTeXt/tex/texmf-context/fonts/map/pdftex/context/mkiv-base.map}
bodyfont        : 12pt rm is loaded
language        : language en is active
color           : unknown system state=start
publications    : loading formatting style from bxml-apa
(/usr/local/ConTeXt/tex/texmf-context/tex/context/base/bxml-apa.mkiv)
systems         : begin file old.tex at line 8

Overfull \hbox (24.35204pt too wide) in paragraph at lines 191--280
[][]\*modern12pttttf* #define hhh(X, Y)               do {                                    \ 

\hbox(10.42677+4.05482)x426.78743, direction TLT
.\whatsit
..\localinterlinepenalty=0
..\localbrokenpenalty=0
..\localleftbox=null
..\localrightbox=null
.\hbox(10.42677+4.05482)x0.0, direction TLT
.\*modern12pttttf* #
.\*modern12pttttf* d
.\*modern12pttttf* e
.etc.


Overfull \hbox (73.79198pt too wide) in paragraph at lines 285--372
[][]                \*modern12pttttf* printf("fjsakl");                                               \ 

\hbox(10.42677+4.05482)x426.78743, direction TLT
.\whatsit
..\localinterlinepenalty=0
..\localbrokenpenalty=0
..\localleftbox=null
..\localrightbox=null
.\hbox(10.42677+4.05482)x0.0, direction TLT
.\glue 6.18
.\glue 6.18
.\glue 6.18
.etc.


Overfull \hbox (36.71202pt too wide) in paragraph at lines 612--703
[][]\*modern12pttttf* xxx     signed char hh = 3;    // just to see, what happens with tabulation 

\hbox(10.42677+4.05482)x426.78743, direction TLT
.\whatsit
..\localinterlinepenalty=0
..\localbrokenpenalty=0
..\localleftbox=null
..\localrightbox=null
.\hbox(10.42677+4.05482)x0.0, direction TLT
.\*modern12pttttf* x
.\*modern12pttttf* x
.\*modern12pttttf* x
.etc.


Overfull \hbox (55.252pt too wide) in paragraph at lines 1029--1124
[][]                                                   \*modern12pttttf* bla bla bla */ bla unsigned

\hbox(10.42677+4.05482)x426.78743, direction TLT
.\whatsit
..\localinterlinepenalty=0
..\localbrokenpenalty=0
..\localleftbox=null
..\localrightbox=null
.\hbox(10.42677+4.05482)x0.0, direction TLT
.\glue 6.18
.\glue 6.18
.\glue 6.18
.etc.

backends        > using xmp file '/usr/local/ConTeXt/tex/texmf-context/tex/context/base/lpdf-pdx.xml'
pages           > flushing realpage 1, userpage 1, subpage 1
systems         : end file old.tex at line 47
 )</usr/local/ConTeXt/tex/texmf/fonts/opentype/public/lm/lmmono12-regular.otf></usr/local/ConTeXt/tex/texmf/fonts/opentype/public/lm/lmroman12-regular.otf>
mkiv lua stats : used config file          - /usr/local/ConTeXt/tex/texmf/web2c/texmfcnf.lua
mkiv lua stats : used cache path           - /usr/local/ConTeXt/tex/texmf-cache/luatex-cache/context/9900c4dbe97a1b14af2919f718cfda5b
mkiv lua stats : input load time           - 0.023 seconds
mkiv lua stats : stored bytecode data      - 243 modules, 55 tables, 298 chunks
mkiv lua stats : cleaned up reserved nodes - 54 nodes, 9 lists of 411
mkiv lua stats : node memory usage         - 20 glue_spec
mkiv lua stats : node list callback tasks  - 6 unique task lists, 5 instances (re)created, 560 calls
mkiv lua stats : used backend              - pdf (backend for directly generating pdf output)
mkiv lua stats : loaded patterns           - en::2
mkiv lua stats : callbacks                 - direct: 753, indirect: 4605, total: 5358
mkiv lua stats : lxml preparation time     - 0.000 seconds, 0 nodes, 15 lpath calls, 0 cached calls
mkiv lua stats : result saved in file      - old.pdf
mkiv lua stats : loaded fonts              - 33 files: stmary10.afm lmmono12-regular.otf lmmono8-regular.otf lmmono9-regular.otf lmroman12-bold.otf lmroman12-regular.otf lmroman7-bold.otf lmroman7-regular.otf lmroman9-bold.otf lmroman9-regular.otf lmsans12-regular.otf lmsans8-regular.otf lmsans9-regular.otf eufb10.tfm eufb7.tfm eufm10.tfm eufm7.tfm msam10.tfm msam7.tfm msbm10.tfm msbm7.tfm lmex10.tfm lmmi12.tfm lmmi7.tfm lmmi9.tfm lmmib10.tfm lmmib7.tfm lmsy10.tfm lmsy7.tfm lmsy9.tfm rm-lmr12.tfm rm-lmr7.tfm rm-lmr9.tfm
mkiv lua stats : fonts load time           - 0.260 seconds 
mkiv lua stats : luatex banner             - this is luatex, version beta-0.63.0-2010090921
mkiv lua stats : control sequences         - 30491 of 165536
mkiv lua stats : current memory usage      - 41 MB (ctx: 42 MB)
mkiv lua stats : runtime                   - 0.833 seconds, 1 processed pages, 1 shipped pages, 1.200 pages/second

